<?xml version="1.0" encoding="UTF-8"?>
<testng-results skipped="0" failed="0" total="1" passed="1">
  <reporter-output>
  </reporter-output>
  <suite name="Surefire suite" duration-ms="382452" started-at="2016-09-09T04:44:25Z" finished-at="2016-09-09T04:50:47Z">
    <groups>
    </groups>
    <test name="Surefire test" duration-ms="382452" started-at="2016-09-09T04:44:25Z" finished-at="2016-09-09T04:50:47Z">
      <class name="TestSuites.MainTest">
        <test-method status="PASS" signature="RunSpree()[pri:0, instance:TestSuites.MainTest@180bc464]" name="RunSpree" duration-ms="382425" started-at="2016-09-09T06:44:25Z" finished-at="2016-09-09T06:50:47Z">
          <reporter-output>
          </reporter-output>
        </test-method> <!-- RunSpree -->
      </class> <!-- TestSuites.MainTest -->
    </test> <!-- Surefire test -->
  </suite> <!-- Surefire suite -->
</testng-results>
