<?xml version="1.0" encoding="UTF-8"?>
<testng-results skipped="0" failed="0" total="1" passed="1">
  <reporter-output>
  </reporter-output>
  <suite name="Default Suite" duration-ms="13931" started-at="2016-09-06T11:25:42Z" finished-at="2016-09-06T11:25:56Z">
    <groups>
    </groups>
    <test name="Spree-Final" duration-ms="13931" started-at="2016-09-06T11:25:42Z" finished-at="2016-09-06T11:25:56Z">
      <class name="TestSuites.MainTest">
        <test-method status="PASS" signature="RunSpree()[pri:0, instance:TestSuites.MainTest@c3fd8b]" name="RunSpree" duration-ms="13908" started-at="2016-09-06T13:25:42Z" finished-at="2016-09-06T13:25:56Z">
          <reporter-output>
          </reporter-output>
        </test-method> <!-- RunSpree -->
      </class> <!-- TestSuites.MainTest -->
    </test> <!-- Spree-Final -->
  </suite> <!-- Default Suite -->
</testng-results>
